<?xml version="1.0" encoding="UTF-8"?>
<testsuite xmlns:xsi="http://www.w3.org/2001/XMLSchema-instance" xsi:noNamespaceSchemaLocation="https://maven.apache.org/surefire/maven-surefire-plugin/xsd/surefire-test-report.xsd" version="3.0.2" name="ru.vsu.cs.cg24.g82.dementiev_a.obj_writer.ObjWriterTests" time="0.167" tests="18" errors="0" skipped="0" failures="0">
  <properties>
    <property name="java.specification.version" value="17"/>
    <property name="sun.cpu.isalist" value="amd64"/>
    <property name="sun.jnu.encoding" value="Cp1251"/>
    <property name="java.class.path" value="C:\Users\Леонид\IdeaProjects\removeVertices\target\test-classes;C:\Users\Леонид\IdeaProjects\removeVertices\target\classes;C:\Users\Леонид\.m2\repository\org\junit\jupiter\junit-jupiter\5.10.2\junit-jupiter-5.10.2.jar;C:\Users\Леонид\.m2\repository\org\junit\jupiter\junit-jupiter-api\5.10.2\junit-jupiter-api-5.10.2.jar;C:\Users\Леонид\.m2\repository\org\opentest4j\opentest4j\1.3.0\opentest4j-1.3.0.jar;C:\Users\Леонид\.m2\repository\org\junit\platform\junit-platform-commons\1.10.2\junit-platform-commons-1.10.2.jar;C:\Users\Леонид\.m2\repository\org\apiguardian\apiguardian-api\1.1.2\apiguardian-api-1.1.2.jar;C:\Users\Леонид\.m2\repository\org\junit\jupiter\junit-jupiter-params\5.10.2\junit-jupiter-params-5.10.2.jar;C:\Users\Леонид\.m2\repository\org\junit\jupiter\junit-jupiter-engine\5.10.2\junit-jupiter-engine-5.10.2.jar;C:\Users\Леонид\.m2\repository\org\junit\platform\junit-platform-engine\1.10.2\junit-platform-engine-1.10.2.jar;C:\Users\Леонид\.m2\repository\junit\junit\4.13.1\junit-4.13.1.jar;C:\Users\Леонид\.m2\repository\org\hamcrest\hamcrest-core\1.3\hamcrest-core-1.3.jar;"/>
    <property name="java.vm.vendor" value="Oracle Corporation"/>
    <property name="sun.arch.data.model" value="64"/>
    <property name="user.variant" value=""/>
    <property name="java.vendor.url" value="https://java.oracle.com/"/>
    <property name="user.timezone" value="GMT+03:00"/>
    <property name="os.name" value="Windows 11"/>
    <property name="java.vm.specification.version" value="17"/>
    <property name="sun.java.launcher" value="SUN_STANDARD"/>
    <property name="user.country" value="RU"/>
    <property name="sun.boot.library.path" value="C:\Program Files\Java\jdk-17\bin"/>
    <property name="sun.java.command" value="C:\Users\Леонид\AppData\Local\Temp\surefire16813474277130612556\surefirebooter-20241127012530215_3.jar C:\Users\Леонид\AppData\Local\Temp\surefire16813474277130612556 2024-11-27T01-25-30_059-jvmRun1 surefire-20241127012530215_1tmp surefire_0-20241127012530215_2tmp"/>
    <property name="jdk.debug" value="release"/>
    <property name="surefire.test.class.path" value="C:\Users\Леонид\IdeaProjects\removeVertices\target\test-classes;C:\Users\Леонид\IdeaProjects\removeVertices\target\classes;C:\Users\Леонид\.m2\repository\org\junit\jupiter\junit-jupiter\5.10.2\junit-jupiter-5.10.2.jar;C:\Users\Леонид\.m2\repository\org\junit\jupiter\junit-jupiter-api\5.10.2\junit-jupiter-api-5.10.2.jar;C:\Users\Леонид\.m2\repository\org\opentest4j\opentest4j\1.3.0\opentest4j-1.3.0.jar;C:\Users\Леонид\.m2\repository\org\junit\platform\junit-platform-commons\1.10.2\junit-platform-commons-1.10.2.jar;C:\Users\Леонид\.m2\repository\org\apiguardian\apiguardian-api\1.1.2\apiguardian-api-1.1.2.jar;C:\Users\Леонид\.m2\repository\org\junit\jupiter\junit-jupiter-params\5.10.2\junit-jupiter-params-5.10.2.jar;C:\Users\Леонид\.m2\repository\org\junit\jupiter\junit-jupiter-engine\5.10.2\junit-jupiter-engine-5.10.2.jar;C:\Users\Леонид\.m2\repository\org\junit\platform\junit-platform-engine\1.10.2\junit-platform-engine-1.10.2.jar;C:\Users\Леонид\.m2\repository\junit\junit\4.13.1\junit-4.13.1.jar;C:\Users\Леонид\.m2\repository\org\hamcrest\hamcrest-core\1.3\hamcrest-core-1.3.jar;"/>
    <property name="sun.cpu.endian" value="little"/>
    <property name="user.home" value="C:\Users\Леонид"/>
    <property name="user.language" value="ru"/>
    <property name="java.specification.vendor" value="Oracle Corporation"/>
    <property name="java.version.date" value="2024-07-16"/>
    <property name="java.home" value="C:\Program Files\Java\jdk-17"/>
    <property name="file.separator" value="\"/>
    <property name="basedir" value="C:\Users\Леонид\IdeaProjects\removeVertices"/>
    <property name="java.vm.compressedOopsMode" value="Zero based"/>
    <property name="line.separator" value="&#10;"/>
    <property name="java.vm.specification.vendor" value="Oracle Corporation"/>
    <property name="java.specification.name" value="Java Platform API Specification"/>
    <property name="surefire.real.class.path" value="C:\Users\Леонид\AppData\Local\Temp\surefire16813474277130612556\surefirebooter-20241127012530215_3.jar"/>
    <property name="user.script" value=""/>
    <property name="sun.management.compiler" value="HotSpot 64-Bit Tiered Compilers"/>
    <property name="java.runtime.version" value="17.0.12+8-LTS-286"/>
    <property name="user.name" value="Леонид"/>
    <property name="path.separator" value=";"/>
    <property name="os.version" value="10.0"/>
    <property name="java.runtime.name" value="Java(TM) SE Runtime Environment"/>
    <property name="file.encoding" value="Cp1251"/>
    <property name="java.vm.name" value="Java HotSpot(TM) 64-Bit Server VM"/>
    <property name="localRepository" value="C:\Users\Леонид\.m2\repository"/>
    <property name="java.vendor.url.bug" value="https://bugreport.java.com/bugreport/"/>
    <property name="java.io.tmpdir" value="C:\Users\A26A~1\AppData\Local\Temp\"/>
    <property name="java.version" value="17.0.12"/>
    <property name="user.dir" value="C:\Users\Леонид\IdeaProjects\removeVertices"/>
    <property name="os.arch" value="amd64"/>
    <property name="java.vm.specification.name" value="Java Virtual Machine Specification"/>
    <property name="sun.os.patch.level" value=""/>
    <property name="native.encoding" value="Cp1251"/>
    <property name="java.library.path" value="C:\Program Files\Java\jdk-17\bin;C:\WINDOWS\Sun\Java\bin;C:\WINDOWS\system32;C:\WINDOWS;c:\gcc\bin;c:\gcc\libexec\gcc\x86_64-w64-mingw32\11.1.0;C:\gcc\libexec\gcc\x86_64-w64-mingw32\9.2.0;d:\gcc\bin;d:\gcc\libexec\gcc\x86_64-w64-mingw32\9.2.0;C:\Program Files\Common Files\Oracle\Java\javapath;C:\Program Files (x86)\Common Files\Oracle\Java\javapath;C:\WINDOWS\system32;C:\WINDOWS;C:\WINDOWS\System32\Wbem;C:\WINDOWS\System32\WindowsPowerShell\v1.0\;C:\WINDOWS\System32\OpenSSH\;C:\Program Files (x86)\NVIDIA Corporation\PhysX\Common;C:\WINDOWS\system32;C:\WINDOWS;C:\WINDOWS\System32\Wbem;C:\WINDOWS\System32\WindowsPowerShell\v1.0\;C:\WINDOWS\System32\OpenSSH\;C:\Program Files\dotnet\;C:\Program Files\Git\cmd;C:\Program Files\NVIDIA Corporation\NVIDIA app\NvDLISR;C:\Program Files\apache-maven-3.9.9\bin;%javaC:\Program Files\Java\jdk-17.0.12\bin;C:\python394\Scripts\;C:\python394\;C:\Users\Леонид\AppData\Local\Microsoft\WindowsApps;C:\Program Files\mingw-w64\bin;C:\Users\Леонид\AppData\Local\atom\bin;C:\Users\Леонид\AppData\Local\Microsoft\WindowsApps;;D:\IntelliJ IDEA 2023.2.1\bin;;."/>
    <property name="java.vm.info" value="mixed mode, sharing"/>
    <property name="java.vendor" value="Oracle Corporation"/>
    <property name="java.vm.version" value="17.0.12+8-LTS-286"/>
    <property name="sun.io.unicode.encoding" value="UnicodeLittle"/>
    <property name="java.class.version" value="61.0"/>
  </properties>
  <testcase name="normalToStringTest(float, float, float)[1]" classname="ru.vsu.cs.cg24.g82.dementiev_a.obj_writer.ObjWriterTests" time="0.038"/>
  <testcase name="normalToStringTest(float, float, float)[2]" classname="ru.vsu.cs.cg24.g82.dementiev_a.obj_writer.ObjWriterTests" time="0.001"/>
  <testcase name="normalToStringTest(float, float, float)[3]" classname="ru.vsu.cs.cg24.g82.dementiev_a.obj_writer.ObjWriterTests" time="0.001"/>
  <testcase name="normalToStringTest(float, float, float)[4]" classname="ru.vsu.cs.cg24.g82.dementiev_a.obj_writer.ObjWriterTests" time="0.001"/>
  <testcase name="writeTest(String)[1]" classname="ru.vsu.cs.cg24.g82.dementiev_a.obj_writer.ObjWriterTests" time="0.016"/>
  <testcase name="writeTest(String)[2]" classname="ru.vsu.cs.cg24.g82.dementiev_a.obj_writer.ObjWriterTests" time="0.001"/>
  <testcase name="writeTest(String)[3]" classname="ru.vsu.cs.cg24.g82.dementiev_a.obj_writer.ObjWriterTests" time="0.003"/>
  <testcase name="writeTest(String)[4]" classname="ru.vsu.cs.cg24.g82.dementiev_a.obj_writer.ObjWriterTests" time="0.004"/>
  <testcase name="writeTest(String)[5]" classname="ru.vsu.cs.cg24.g82.dementiev_a.obj_writer.ObjWriterTests" time="0.002"/>
  <testcase name="writeTest(String)[6]" classname="ru.vsu.cs.cg24.g82.dementiev_a.obj_writer.ObjWriterTests" time="0.002"/>
  <testcase name="vertexToStringTest(float, float, float)[1]" classname="ru.vsu.cs.cg24.g82.dementiev_a.obj_writer.ObjWriterTests" time="0.001"/>
  <testcase name="vertexToStringTest(float, float, float)[2]" classname="ru.vsu.cs.cg24.g82.dementiev_a.obj_writer.ObjWriterTests" time="0.0"/>
  <testcase name="vertexToStringTest(float, float, float)[3]" classname="ru.vsu.cs.cg24.g82.dementiev_a.obj_writer.ObjWriterTests" time="0.001"/>
  <testcase name="vertexToStringTest(float, float, float)[4]" classname="ru.vsu.cs.cg24.g82.dementiev_a.obj_writer.ObjWriterTests" time="0.0"/>
  <testcase name="textureVertexToStringTest(float, float)[1]" classname="ru.vsu.cs.cg24.g82.dementiev_a.obj_writer.ObjWriterTests" time="0.003"/>
  <testcase name="textureVertexToStringTest(float, float)[2]" classname="ru.vsu.cs.cg24.g82.dementiev_a.obj_writer.ObjWriterTests" time="0.001"/>
  <testcase name="textureVertexToStringTest(float, float)[3]" classname="ru.vsu.cs.cg24.g82.dementiev_a.obj_writer.ObjWriterTests" time="0.001"/>
  <testcase name="textureVertexToStringTest(float, float)[4]" classname="ru.vsu.cs.cg24.g82.dementiev_a.obj_writer.ObjWriterTests" time="0.0"/>
</testsuite>